This is pdfTeX, Version 3.14159265-2.6-1.40.19 (MiKTeX 2.9.6730 64-bit) (preloaded format=pdflatex 2018.9.30)  20 JUN 2019 11:40
entering extended mode
**./InformeLaboratorio05_BI.tex
(InformeLaboratorio05_BI.tex
LaTeX2e <2018-04-01> patch level 5
("C:\Program Files\MiKTeX 2.9\tex\latex\base\article.cls"
Document Class: article 2014/09/29 v1.4h Standard LaTeX document class
("C:\Program Files\MiKTeX 2.9\tex\latex\base\size12.clo"
File: size12.clo 2014/09/29 v1.4h Standard LaTeX file (size option)
)
\c@part=\count80
\c@section=\count81
\c@subsection=\count82
\c@subsubsection=\count83
\c@paragraph=\count84
\c@subparagraph=\count85
\c@figure=\count86
\c@table=\count87
\abovecaptionskip=\skip41
\belowcaptionskip=\skip42
\bibindent=\dimen102
)
("C:\Program Files\MiKTeX 2.9\tex\latex\base\inputenc.sty"
Package: inputenc 2018/04/06 v1.3b Input encoding file
\inpenc@prehook=\toks14
\inpenc@posthook=\toks15
)
("C:\Program Files\MiKTeX 2.9\tex\generic\babel\babel.sty"
Package: babel 2018/06/05 3.22 The Babel package

("C:\Program Files\MiKTeX 2.9\tex\generic\babel\switch.def"
File: switch.def 2018/06/05 3.22 Babel switching mechanism
)
*************************************
* Local config file bblopts.cfg used
*
(C:\Users\Equipo\AppData\Roaming\MiKTeX\2.9\tex\latex\arabi\bblopts.cfg
File: bblopts.cfg 2005/09/08 v0.1 add Arabic and Farsi to "declared" options of
 babel
)
("C:\Program Files\MiKTeX 2.9\tex\latex\babel-spanish\spanish.ldf"
Language: spanish.ldf 2016/03/03 v5.0p Spanish support from the babel system

("C:\Program Files\MiKTeX 2.9\tex\generic\babel\babel.def"
File: babel.def 2018/06/05 3.22 Babel common definitions
\babel@savecnt=\count88
\U@D=\dimen103

("C:\Program Files\MiKTeX 2.9\tex\generic\babel\txtbabel.def")
\bbl@dirlevel=\count89
)
\es@quottoks=\toks16
\es@quotdepth=\count90
Package babel Info: Making " an active character on input line 561.
Package babel Info: Making . an active character on input line 662.
Package babel Info: Making < an active character on input line 707.
Package babel Info: Making > an active character on input line 707.
))
("C:\Program Files\MiKTeX 2.9\tex\latex\graphics\graphicx.sty"
Package: graphicx 2017/06/01 v1.1a Enhanced LaTeX Graphics (DPC,SPQR)

("C:\Program Files\MiKTeX 2.9\tex\latex\graphics\keyval.sty"
Package: keyval 2014/10/28 v1.15 key=value parser (DPC)
\KV@toks@=\toks17
)
("C:\Program Files\MiKTeX 2.9\tex\latex\graphics\graphics.sty"
Package: graphics 2017/06/25 v1.2c Standard LaTeX Graphics (DPC,SPQR)

("C:\Program Files\MiKTeX 2.9\tex\latex\graphics\trig.sty"
Package: trig 2016/01/03 v1.10 sin cos tan (DPC)
)
("C:\Program Files\MiKTeX 2.9\tex\latex\graphics-cfg\graphics.cfg"
File: graphics.cfg 2016/06/04 v1.11 sample graphics configuration
)
Package graphics Info: Driver file: pdftex.def on input line 99.

("C:\Program Files\MiKTeX 2.9\tex\latex\graphics-def\pdftex.def"
File: pdftex.def 2018/01/08 v1.0l Graphics/color driver for pdftex
))
\Gin@req@height=\dimen104
\Gin@req@width=\dimen105
)
("C:\Program Files\MiKTeX 2.9\tex\latex\geometry\geometry.sty"
Package: geometry 2018/04/16 v5.8 Page Geometry

("C:\Program Files\MiKTeX 2.9\tex\generic\oberdiek\ifpdf.sty"
Package: ifpdf 2017/03/15 v3.2 Provides the ifpdf switch
)
("C:\Program Files\MiKTeX 2.9\tex\generic\oberdiek\ifvtex.sty"
Package: ifvtex 2016/05/16 v1.6 Detect VTeX and its facilities (HO)
Package ifvtex Info: VTeX not detected.
)
("C:\Program Files\MiKTeX 2.9\tex\generic\ifxetex\ifxetex.sty"
Package: ifxetex 2010/09/12 v0.6 Provides ifxetex conditional
)
\Gm@cnth=\count91
\Gm@cntv=\count92
\c@Gm@tempcnt=\count93
\Gm@bindingoffset=\dimen106
\Gm@wd@mp=\dimen107
\Gm@odd@mp=\dimen108
\Gm@even@mp=\dimen109
\Gm@layoutwidth=\dimen110
\Gm@layoutheight=\dimen111
\Gm@layouthoffset=\dimen112
\Gm@layoutvoffset=\dimen113
\Gm@dimlist=\toks18

("C:\Program Files\MiKTeX 2.9\tex\latex\geometry\geometry.cfg"))
("C:\Program Files\MiKTeX 2.9\tex\latex\float\float.sty"
Package: float 2001/11/08 v1.3d Float enhancements (AL)
\c@float@type=\count94
\float@exts=\toks19
\float@box=\box26
\@float@everytoks=\toks20
\@floatcapt=\box27
)
("C:\Program Files\MiKTeX 2.9\tex\latex\amsmath\amsmath.sty"
Package: amsmath 2017/09/02 v2.17a AMS math features
\@mathmargin=\skip43

For additional information on amsmath, use the `?' option.
("C:\Program Files\MiKTeX 2.9\tex\latex\amsmath\amstext.sty"
Package: amstext 2000/06/29 v2.01 AMS text

("C:\Program Files\MiKTeX 2.9\tex\latex\amsmath\amsgen.sty"
File: amsgen.sty 1999/11/30 v2.0 generic functions
\@emptytoks=\toks21
\ex@=\dimen114
))
("C:\Program Files\MiKTeX 2.9\tex\latex\amsmath\amsbsy.sty"
Package: amsbsy 1999/11/29 v1.2d Bold Symbols
\pmbraise@=\dimen115
)
("C:\Program Files\MiKTeX 2.9\tex\latex\amsmath\amsopn.sty"
Package: amsopn 2016/03/08 v2.02 operator names
)
\inf@bad=\count95
LaTeX Info: Redefining \frac on input line 213.
\uproot@=\count96
\leftroot@=\count97
LaTeX Info: Redefining \overline on input line 375.
\classnum@=\count98
\DOTSCASE@=\count99
LaTeX Info: Redefining \ldots on input line 472.
LaTeX Info: Redefining \dots on input line 475.
LaTeX Info: Redefining \cdots on input line 596.
\Mathstrutbox@=\box28
\strutbox@=\box29
\big@size=\dimen116
LaTeX Font Info:    Redeclaring font encoding OML on input line 712.
LaTeX Font Info:    Redeclaring font encoding OMS on input line 713.
\macc@depth=\count100
\c@MaxMatrixCols=\count101
\dotsspace@=\muskip10
\c@parentequation=\count102
\dspbrk@lvl=\count103
\tag@help=\toks22
\row@=\count104
\column@=\count105
\maxfields@=\count106
\andhelp@=\toks23
\eqnshift@=\dimen117
\alignsep@=\dimen118
\tagshift@=\dimen119
\tagwidth@=\dimen120
\totwidth@=\dimen121
\lineht@=\dimen122
\@envbody=\toks24
\multlinegap=\skip44
\multlinetaggap=\skip45
\mathdisplay@stack=\toks25
LaTeX Info: Redefining \[ on input line 2817.
LaTeX Info: Redefining \] on input line 2818.
)
("C:\Program Files\MiKTeX 2.9\tex\latex\oberdiek\stackrel.sty"
Package: stackrel 2016/05/16 v1.3 Adding subscript option to stackrel (HO)

("C:\Program Files\MiKTeX 2.9\tex\generic\oberdiek\etexcmds.sty"
Package: etexcmds 2016/05/16 v1.6 Avoid name clashes with e-TeX commands (HO)

("C:\Program Files\MiKTeX 2.9\tex\generic\oberdiek\infwarerr.sty"
Package: infwarerr 2016/05/16 v1.4 Providing info/warning/error messages (HO)
)
("C:\Program Files\MiKTeX 2.9\tex\generic\oberdiek\ifluatex.sty"
Package: ifluatex 2016/05/16 v1.4 Provides the ifluatex switch (HO)
Package ifluatex Info: LuaTeX not detected.
)
Package etexcmds Info: Could not find \expanded.
(etexcmds)             That can mean that you are not using pdfTeX 1.50 or
(etexcmds)             that some package has redefined \expanded.
(etexcmds)             In the latter case, load this package earlier.
)
("C:\Program Files\MiKTeX 2.9\tex\generic\oberdiek\pdftexcmds.sty"
Package: pdftexcmds 2018/01/30 v0.27 Utility functions of pdfTeX for LuaTeX (HO
)

("C:\Program Files\MiKTeX 2.9\tex\generic\oberdiek\ltxcmds.sty"
Package: ltxcmds 2016/05/16 v1.23 LaTeX kernel commands for general use (HO)
)
Package pdftexcmds Info: LuaTeX not detected.
Package pdftexcmds Info: \pdf@primitive is available.
Package pdftexcmds Info: \pdf@ifprimitive is available.
Package pdftexcmds Info: \pdfdraftmode found.
))
("C:\Program Files\MiKTeX 2.9\tex\latex\multirow\multirow.sty"
Package: multirow 2016/11/25 v2.2 Span multiple rows of a table
\multirow@colwidth=\skip46
\multirow@cntb=\count107
\multirow@dima=\skip47
\bigstrutjot=\dimen123
)
("C:\Program Files\MiKTeX 2.9\tex\latex\tools\enumerate.sty"
Package: enumerate 2015/07/23 v3.00 enumerate extensions (DPC)
\@enLab=\toks26
)
No file InformeLaboratorio05_BI.aux.
\openout1 = `InformeLaboratorio05_BI.aux'.

LaTeX Font Info:    Checking defaults for OML/cmm/m/it on input line 18.
LaTeX Font Info:    ... okay on input line 18.
LaTeX Font Info:    Checking defaults for T1/cmr/m/n on input line 18.
LaTeX Font Info:    ... okay on input line 18.
LaTeX Font Info:    Checking defaults for OT1/cmr/m/n on input line 18.
LaTeX Font Info:    ... okay on input line 18.
LaTeX Font Info:    Checking defaults for OMS/cmsy/m/n on input line 18.
LaTeX Font Info:    ... okay on input line 18.
LaTeX Font Info:    Checking defaults for OMX/cmex/m/n on input line 18.
LaTeX Font Info:    ... okay on input line 18.
LaTeX Font Info:    Checking defaults for U/cmr/m/n on input line 18.
LaTeX Font Info:    ... okay on input line 18.
LaTeX Info: Redefining \. on input line 18.
LaTeX Info: Redefining \% on input line 18.
(C:\Users\Equipo\AppData\Roaming\MiKTeX\2.9\tex\context\base\supp-pdf.mkii
[Loading MPS to PDF converter (version 2006.09.02).]
\scratchcounter=\count108
\scratchdimen=\dimen124
\scratchbox=\box30
\nofMPsegments=\count109
\nofMParguments=\count110
\everyMPshowfont=\toks27
\MPscratchCnt=\count111
\MPscratchDim=\dimen125
\MPnumerator=\count112
\makeMPintoPDFobject=\count113
\everyMPtoPDFconversion=\toks28
) ("C:\Program Files\MiKTeX 2.9\tex\latex\oberdiek\epstopdf-base.sty"
Package: epstopdf-base 2016/05/15 v2.6 Base part for package epstopdf

("C:\Program Files\MiKTeX 2.9\tex\latex\oberdiek\grfext.sty"
Package: grfext 2016/05/16 v1.2 Manage graphics extensions (HO)

("C:\Program Files\MiKTeX 2.9\tex\generic\oberdiek\kvdefinekeys.sty"
Package: kvdefinekeys 2016/05/16 v1.4 Define keys (HO)
))
("C:\Program Files\MiKTeX 2.9\tex\latex\oberdiek\kvoptions.sty"
Package: kvoptions 2016/05/16 v3.12 Key value format for package options (HO)

("C:\Program Files\MiKTeX 2.9\tex\generic\oberdiek\kvsetkeys.sty"
Package: kvsetkeys 2016/05/16 v1.17 Key value parser (HO)
))
Package epstopdf-base Info: Redefining graphics rule for `.eps' on input line 4
38.
Package grfext Info: Graphics extension search list:
(grfext)             [.pdf,.png,.jpg,.mps,.jpeg,.jbig2,.jb2,.PDF,.PNG,.JPG,.JPE
G,.JBIG2,.JB2,.eps]
(grfext)             \AppendGraphicsExtensions on input line 456.
)
*geometry* driver: auto-detecting
*geometry* detected driver: pdftex
*geometry* verbose mode - [ preamble ] result:
* driver: pdftex
* paper: letterpaper
* layout: <same size as paper>
* layoutoffset:(h,v)=(0.0pt,0.0pt)
* modes: 
* h-part:(L,W,R)=(56.9055pt, 500.484pt, 56.9055pt)
* v-part:(T,H,B)=(56.9055pt, 681.15898pt, 56.9055pt)
* \paperwidth=614.295pt
* \paperheight=794.96999pt
* \textwidth=500.484pt
* \textheight=681.15898pt
* \oddsidemargin=-15.36449pt
* \evensidemargin=-15.36449pt
* \topmargin=-52.36449pt
* \headheight=12.0pt
* \headsep=25.0pt
* \topskip=12.0pt
* \footskip=30.0pt
* \marginparwidth=44.0pt
* \marginparsep=10.0pt
* \columnsep=10.0pt
* \skip\footins=10.8pt plus 4.0pt minus 2.0pt
* \hoffset=0.0pt
* \voffset=0.0pt
* \mag=1000
* \@twocolumnfalse
* \@twosidefalse
* \@mparswitchfalse
* \@reversemarginfalse
* (1in=72.27pt=25.4mm, 1cm=28.453pt)

<./Imagenes/logo.jpg, id=1, 276.03125pt x 183.68625pt>
File: ./Imagenes/logo.jpg Graphic file (type jpg)
<use ./Imagenes/logo.jpg>
Package pdftex.def Info: ./Imagenes/logo.jpg  used on input line 38.
(pdftex.def)             Requested size: 227.62204pt x 151.47853pt.
[1

{C:/Users/Equipo/AppData/Local/MiKTeX/2.9/pdftex/config/pdftex.map} <./Imagenes
/logo.jpg>]
No file InformeLaboratorio05_BI.toc.
\tf@toc=\write3
\openout3 = `InformeLaboratorio05_BI.toc'.

[1]
\openout2 = `Secciones/Actividad01.aux'.

 (Secciones/Actividad01.tex
Underfull \hbox (badness 10000) in paragraph at lines 9--11

 []

<./Imagenes/1.png, id=11, 377.91188pt x 217.5628pt>
File: ./Imagenes/1.png Graphic file (type png)
<use ./Imagenes/1.png>
Package pdftex.def Info: ./Imagenes/1.png  used on input line 13.
(pdftex.def)             Requested size: 341.43306pt x 196.56161pt.
<./Imagenes/2.png, id=12, 505.13719pt x 219.06844pt>
File: ./Imagenes/2.png Graphic file (type png)
<use ./Imagenes/2.png>
Package pdftex.def Info: ./Imagenes/2.png  used on input line 19.
(pdftex.def)             Requested size: 483.69684pt x 209.7718pt.

Overfull \hbox (12.58754pt too wide) in paragraph at lines 19--20
 [] 
 []

<./Imagenes/3.jpg, id=14, 793.46437pt x 409.53pt>
File: ./Imagenes/3.jpg Graphic file (type jpg)
<use ./Imagenes/3.jpg>
Package pdftex.def Info: ./Imagenes/3.jpg  used on input line 26.
(pdftex.def)             Requested size: 483.69684pt x 249.65671pt.

Overfull \hbox (12.58754pt too wide) in paragraph at lines 26--27
 [] 
 []

[1

 <./Imagenes/1.png> <./Imagenes/2.png>]
<./Imagenes/4.jpg, id=20, 816.04875pt x 419.31656pt>
File: ./Imagenes/4.jpg Graphic file (type jpg)
<use ./Imagenes/4.jpg>
Package pdftex.def Info: ./Imagenes/4.jpg  used on input line 30.
(pdftex.def)             Requested size: 483.69684pt x 248.5463pt.

Overfull \hbox (12.58754pt too wide) in paragraph at lines 30--31
 [] 
 []


Underfull \hbox (badness 10000) in paragraph at lines 33--37

 []

<./Imagenes/5.jpg, id=21, 383.18156pt x 392.96812pt>
File: ./Imagenes/5.jpg Graphic file (type jpg)
<use ./Imagenes/5.jpg>
Package pdftex.def Info: ./Imagenes/5.jpg  used on input line 39.
(pdftex.def)             Requested size: 398.33858pt x 408.53328pt.
[2 <./Imagenes/3.jpg> <./Imagenes/4.jpg>] [3 <./Imagenes/5.jpg>]
<./Imagenes/6.jpg, id=28, 741.52031pt x 451.6875pt>
File: ./Imagenes/6.jpg Graphic file (type jpg)
<use ./Imagenes/6.jpg>
Package pdftex.def Info: ./Imagenes/6.jpg  used on input line 47.
(pdftex.def)             Requested size: 483.69684pt x 294.641pt.

Overfull \hbox (12.58754pt too wide) in paragraph at lines 47--48
 [] 
 []

<./Imagenes/7.jpg, id=29, 711.4078pt x 322.20375pt>
File: ./Imagenes/7.jpg Graphic file (type jpg)
<use ./Imagenes/7.jpg>
Package pdftex.def Info: ./Imagenes/7.jpg  used on input line 51.
(pdftex.def)             Requested size: 483.69684pt x 219.07597pt.

Overfull \hbox (12.58754pt too wide) in paragraph at lines 51--52
 [] 
 []

<./Imagenes/8.jpg, id=30, 818.30719pt x 421.575pt>
File: ./Imagenes/8.jpg Graphic file (type jpg)
<use ./Imagenes/8.jpg>
Package pdftex.def Info: ./Imagenes/8.jpg  used on input line 57.
(pdftex.def)             Requested size: 483.69684pt x 249.19667pt.

Overfull \hbox (12.58754pt too wide) in paragraph at lines 57--58
 [] 
 []

[4 <./Imagenes/6.jpg> <./Imagenes/7.jpg>]
<./Imagenes/9.jpg, id=34, 767.11594pt x 314.67563pt>
File: ./Imagenes/9.jpg Graphic file (type jpg)
<use ./Imagenes/9.jpg>
Package pdftex.def Info: ./Imagenes/9.jpg  used on input line 61.
(pdftex.def)             Requested size: 483.69684pt x 198.41954pt.

Overfull \hbox (12.58754pt too wide) in paragraph at lines 61--62
 [] 
 []

) [5 <./Imagenes/8.jpg> <./Imagenes/9.jpg>]
\openout2 = `Secciones/Actividad02.aux'.

 (Secciones/Actividad02.tex
<./Imagenes/10.jpg, id=39, 813.79031pt x 443.40656pt>
File: ./Imagenes/10.jpg Graphic file (type jpg)
<use ./Imagenes/10.jpg>
Package pdftex.def Info: ./Imagenes/10.jpg  used on input line 4.
(pdftex.def)             Requested size: 426.79134pt x 232.5416pt.
LaTeX Font Info:    Try loading font information for OML+cmr on input line 8.

("C:\Program Files\MiKTeX 2.9\tex\latex\base\omlcmr.fd"
File: omlcmr.fd 2014/09/29 v2.5h Standard LaTeX font definitions
)
LaTeX Font Info:    Font shape `OML/cmr/m/n' in size <12> not available
(Font)              Font shape `OML/cmm/m/it' tried instead on input line 8.
<./Imagenes/11.jpg, id=40, 622.57594pt x 328.97906pt>
File: ./Imagenes/11.jpg Graphic file (type jpg)
<use ./Imagenes/11.jpg>
Package pdftex.def Info: ./Imagenes/11.jpg  used on input line 11.
(pdftex.def)             Requested size: 426.79134pt x 225.525pt.
<./Imagenes/111.jpg, id=41, 446.41782pt x 118.94438pt>
File: ./Imagenes/111.jpg Graphic file (type jpg)
<use ./Imagenes/111.jpg>
Package pdftex.def Info: ./Imagenes/111.jpg  used on input line 17.
(pdftex.def)             Requested size: 341.43306pt x 90.97398pt.
<./Imagenes/12.jpg, id=42, 366.61969pt x 338.76563pt>
File: ./Imagenes/12.jpg Graphic file (type jpg)
<use ./Imagenes/12.jpg>
Package pdftex.def Info: ./Imagenes/12.jpg  used on input line 23.
(pdftex.def)             Requested size: 369.88582pt x 341.80423pt.
 [6


 <./Imagenes/10.jpg> <./Imagenes/11.jpg> <./Imagenes/111.jpg>]
<./Imagenes/13.jpg, id=47, 819.8128pt x 430.60875pt>
File: ./Imagenes/13.jpg Graphic file (type jpg)
<use ./Imagenes/13.jpg>
Package pdftex.def Info: ./Imagenes/13.jpg  used on input line 29.
(pdftex.def)             Requested size: 483.69684pt x 254.07008pt.
<./Imagenes/14.jpg, id=48, 396.7322pt x 319.94531pt>
File: ./Imagenes/14.jpg Graphic file (type jpg)
<use ./Imagenes/14.jpg>
Package pdftex.def Info: ./Imagenes/14.jpg  used on input line 35.
(pdftex.def)             Requested size: 398.33858pt x 321.248pt.
 [7 <./Imagenes/12.jpg> <./Imagenes/13.jpg>]
<./Imagenes/15.jpg, id=52, 847.66687pt x 309.40594pt>
File: ./Imagenes/15.jpg Graphic file (type jpg)
<use ./Imagenes/15.jpg>
Package pdftex.def Info: ./Imagenes/15.jpg  used on input line 42.
(pdftex.def)             Requested size: 483.69684pt x 176.55206pt.

Overfull \hbox (12.58754pt too wide) in paragraph at lines 42--43
 [] 
 []

<./Imagenes/16.jpg, id=53, 830.35219pt x 438.8897pt>
File: ./Imagenes/16.jpg Graphic file (type jpg)
<use ./Imagenes/16.jpg>
Package pdftex.def Info: ./Imagenes/16.jpg  used on input line 46.
(pdftex.def)             Requested size: 483.69684pt x 255.6612pt.

Overfull \hbox (12.58754pt too wide) in paragraph at lines 46--47
 [] 
 []

[8 <./Imagenes/14.jpg> <./Imagenes/15.jpg>]
<./Imagenes/17.jpg, id=57, 643.6547pt x 400.49625pt>
File: ./Imagenes/17.jpg Graphic file (type jpg)
<use ./Imagenes/17.jpg>
Package pdftex.def Info: ./Imagenes/17.jpg  used on input line 52.
(pdftex.def)             Requested size: 426.79134pt x 265.56888pt.
<./Imagenes/18.jpg, id=58, 484.81125pt x 415.5525pt>
File: ./Imagenes/18.jpg Graphic file (type jpg)
<use ./Imagenes/18.jpg>
Package pdftex.def Info: ./Imagenes/18.jpg  used on input line 58.
(pdftex.def)             Requested size: 369.88582pt x 317.05963pt.
 [9 <./Imagenes/16.jpg> <./Imagenes/17.jpg>]
<./Imagenes/19.jpg, id=62, 550.30594pt x 453.19313pt>
File: ./Imagenes/19.jpg Graphic file (type jpg)
<use ./Imagenes/19.jpg>
Package pdftex.def Info: ./Imagenes/19.jpg  used on input line 64.
(pdftex.def)             Requested size: 369.88582pt x 304.61977pt.
<./Imagenes/20.jpg, id=63, 819.8128pt x 266.49562pt>
File: ./Imagenes/20.jpg Graphic file (type jpg)
<use ./Imagenes/20.jpg>
Package pdftex.def Info: ./Imagenes/20.jpg  used on input line 70.
(pdftex.def)             Requested size: 483.69684pt x 157.23918pt.

Overfull \hbox (12.58754pt too wide) in paragraph at lines 70--71
 [] 
 []

[10 <./Imagenes/18.jpg> <./Imagenes/19.jpg>]
<./Imagenes/21.jpg, id=67, 532.23843pt x 249.93375pt>
File: ./Imagenes/21.jpg Graphic file (type jpg)
<use ./Imagenes/21.jpg>
Package pdftex.def Info: ./Imagenes/21.jpg  used on input line 76.
(pdftex.def)             Requested size: 426.79134pt x 200.42017pt.
) [11 <./Imagenes/20.jpg> <./Imagenes/21.jpg>]
\openout2 = `Secciones/Actividad03.aux'.

 (Secciones/Actividad03.tex
<./Imagenes/22.jpg, id=72, 817.55438pt x 142.28156pt>
File: ./Imagenes/22.jpg Graphic file (type jpg)
<use ./Imagenes/22.jpg>
Package pdftex.def Info: ./Imagenes/22.jpg  used on input line 7.
(pdftex.def)             Requested size: 369.88582pt x 64.37346pt.
<./Imagenes/23.jpg, id=73, 816.04875pt x 377.91188pt>
File: ./Imagenes/23.jpg Graphic file (type jpg)
<use ./Imagenes/23.jpg>
Package pdftex.def Info: ./Imagenes/23.jpg  used on input line 13.
(pdftex.def)             Requested size: 483.69684pt x 224.00403pt.
<./Imagenes/24.jpg, id=74, 877.02657pt x 345.54094pt>
File: ./Imagenes/24.jpg Graphic file (type jpg)
<use ./Imagenes/24.jpg>
Package pdftex.def Info: ./Imagenes/24.jpg  used on input line 19.
(pdftex.def)             Requested size: 483.69684pt x 190.57535pt.
<./Imagenes/25.jpg, id=75, 727.21687pt x 448.67625pt>
File: ./Imagenes/25.jpg Graphic file (type jpg)
<use ./Imagenes/25.jpg>
Package pdftex.def Info: ./Imagenes/25.jpg  used on input line 23.
(pdftex.def)             Requested size: 483.69684pt x 298.43442pt.
 [12


 <./Imagenes/22.jpg> <./Imagenes/23.jpg> <./Imagenes/24.jpg>]) [13 <./Imagenes/
25.jpg>]
\openout2 = `Secciones/Actividad04.aux'.

 (Secciones/Actividad04.tex
<./Imagenes/26.jpg, id=82, 734.745pt x 395.97937pt>
File: ./Imagenes/26.jpg Graphic file (type jpg)
<use ./Imagenes/26.jpg>
Package pdftex.def Info: ./Imagenes/26.jpg  used on input line 18.
(pdftex.def)             Requested size: 483.69684pt x 260.6886pt.

Overfull \hbox (12.58754pt too wide) in paragraph at lines 18--19
 [] 
 []

<./Imagenes/27.jpg, id=83, 736.25063pt x 335.75438pt>
File: ./Imagenes/27.jpg Graphic file (type jpg)
<use ./Imagenes/27.jpg>
Package pdftex.def Info: ./Imagenes/27.jpg  used on input line 24.
(pdftex.def)             Requested size: 483.69684pt x 220.5893pt.

Overfull \hbox (12.58754pt too wide) in paragraph at lines 24--25
 [] 
 []

[14


 <./Imagenes/26.jpg>]
<./Imagenes/28.jpg, id=87, 651.18282pt x 211.54031pt>
File: ./Imagenes/28.jpg Graphic file (type jpg)
<use ./Imagenes/28.jpg>
Package pdftex.def Info: ./Imagenes/28.jpg  used on input line 30.
(pdftex.def)             Requested size: 483.69684pt x 157.13452pt.

Overfull \hbox (12.58754pt too wide) in paragraph at lines 30--31
 [] 
 []

<./Imagenes/29.jpg, id=88, 411.78844pt x 370.38374pt>
File: ./Imagenes/29.jpg Graphic file (type jpg)
<use ./Imagenes/29.jpg>
Package pdftex.def Info: ./Imagenes/29.jpg  used on input line 34.
(pdftex.def)             Requested size: 398.33858pt x 358.2884pt.
[15 <./Imagenes/27.jpg> <./Imagenes/28.jpg>]
<./Imagenes/30.jpg, id=92, 740.0147pt x 322.20375pt>
File: ./Imagenes/30.jpg Graphic file (type jpg)
<use ./Imagenes/30.jpg>
Package pdftex.def Info: ./Imagenes/30.jpg  used on input line 40.
(pdftex.def)             Requested size: 483.69684pt x 210.60498pt.

Overfull \hbox (12.58754pt too wide) in paragraph at lines 40--41
 [] 
 []

) [16 <./Imagenes/29.jpg> <./Imagenes/30.jpg>] (InformeLaboratorio05_BI.aux
LaTeX Info: Redefining \. on input line 6.
LaTeX Info: Redefining \% on input line 6.

(Secciones/Actividad01.aux) (Secciones/Actividad02.aux)
(Secciones/Actividad03.aux) (Secciones/Actividad04.aux)) ) 
Here is how much of TeX's memory you used:
 3799 strings out of 492973
 53742 string characters out of 3135929
 132879 words of memory out of 3000000
 7557 multiletter control sequences out of 15000+200000
 8261 words of font info for 30 fonts, out of 3000000 for 9000
 1141 hyphenation exceptions out of 8191
 34i,5n,31p,350b,359s stack positions out of 5000i,500n,10000p,200000b,50000s
<C:/Program Files/MiK
TeX 2.9/fonts/type1/public/amsfonts/cm/cmbx12.pfb><C:/Program Files/MiKTeX 2.9/
fonts/type1/public/amsfonts/cm/cmmi12.pfb><C:/Program Files/MiKTeX 2.9/fonts/ty
pe1/public/amsfonts/cm/cmr12.pfb><C:/Program Files/MiKTeX 2.9/fonts/type1/publi
c/amsfonts/cm/cmsy10.pfb>
Output written on InformeLaboratorio05_BI.pdf (18 pages, 2178625 bytes).
PDF statistics:
 110 PDF objects out of 1000 (max. 8388607)
 0 named destinations out of 1000 (max. 500000)
 161 words of extra memory for PDF output out of 10000 (max. 10000000)

